[debug] [2024-10-01T15:54:58.204Z] ----------------------------------------------------------------------
[debug] [2024-10-01T15:54:58.209Z] Command:       C:\Program Files\nodejs\node.exe C:\Users\WINDOWS\AppData\Roaming\npm\node_modules\firebase-tools\lib\bin\firebase.js init
[debug] [2024-10-01T15:54:58.210Z] CLI Version:   13.20.2
[debug] [2024-10-01T15:54:58.210Z] Platform:      win32
[debug] [2024-10-01T15:54:58.210Z] Node Version:  v20.15.1
[debug] [2024-10-01T15:54:58.210Z] Time:          Tue Oct 01 2024 21:24:58 GMT+0530 (India Standard Time)
[debug] [2024-10-01T15:54:58.211Z] ----------------------------------------------------------------------
[debug] 
[debug] [2024-10-01T15:54:58.223Z] > command requires scopes: ["email","openid","https://www.googleapis.com/auth/cloudplatformprojects.readonly","https://www.googleapis.com/auth/firebase","https://www.googleapis.com/auth/cloud-platform"]
[debug] [2024-10-01T15:54:58.224Z] > authorizing via signed-in user (schigurupatis@gmail.com)
[info] 
     ######## #### ########  ######## ########     ###     ######  ########
     ##        ##  ##     ## ##       ##     ##  ##   ##  ##       ##
     ######    ##  ########  ######   ########  #########  ######  ######
     ##        ##  ##    ##  ##       ##     ## ##     ##       ## ##
     ##       #### ##     ## ######## ########  ##     ##  ######  ########

You're about to initialize a Firebase project in this directory:

  D:\F Drive\My-Learnings\namasthe-reactjs-projects\reactjs-projects\berachah-church-kota

[info] 
=== Project Setup
[info] 
[info] First, let's associate this project directory with a Firebase project.
[info] You can create multiple project aliases by running firebase use --add, 
[info] but for now we'll just set up a default project.
[info] 
[info] i  If you want to create a project in a Google Cloud organization or folder, please use "firebase projects:create" instead, and return to this command when you've created the project. 
